Build started 10/30/2015 5:53:31 PM.
     1>Project "C:\Users\Austin\Desktop\CSSE351Project\FinalProject\ConsoleApplication1.vcxproj" on node 2 (Build target(s)).
     1>ClCompile:
         C:\Program Files (x86)\Microsoft Visual Studio 12.0\VC\bin\x86_amd64\CL.exe /c /Zi /nologo /W3 /WX- /Od /D WIN32 /D _DEBUG /D _CONSOLE /D _LIB /D _UNICODE /D UNICODE /Gm /EHsc /RTC1 /MDd /GS /fp:precise /Zc:wchar_t /Zc:forScope /Fo"x64\Debug\\" /Fd"x64\Debug\vc120.pdb" /Gd /TC /errorReport:prompt src\gl3w\gl3w.c src\glew\glew.c
         glew.c
         gl3w.c
         Generating Code...
         C:\Program Files (x86)\Microsoft Visual Studio 12.0\VC\bin\x86_amd64\CL.exe /c /Zi /nologo /W3 /WX- /Od /D WIN32 /D _DEBUG /D _CONSOLE /D _LIB /D _UNICODE /D UNICODE /Gm /EHsc /RTC1 /MDd /GS /fp:precise /Zc:wchar_t /Zc:forScope /Fo"x64\Debug\\" /Fd"x64\Debug\vc120.pdb" /Gd /TP /errorReport:prompt src\main.cpp src\objload\list.cpp src\objload\objLoader.cpp src\objload\obj_parser.cpp src\objload\string_extra.cpp
         string_extra.cpp
         obj_parser.cpp
         objLoader.cpp
         list.cpp
     1>src\objload\list.cpp(59): warning C4267: '=' : conversion from 'size_t' to 'int', possible loss of data
     1>src\objload\list.cpp(154): warning C4267: '=' : conversion from 'size_t' to 'int', possible loss of data
         main.cpp
     1>c:\users\austin\desktop\csse351project\finalproject\src\Model.h(23): warning C4244: 'argument' : conversion from 'double' to 'const float', possible loss of data
     1>c:\users\austin\desktop\csse351project\finalproject\src\Model.h(24): warning C4244: 'argument' : conversion from 'double' to 'const float', possible loss of data
     1>c:\users\austin\desktop\csse351project\finalproject\src\Model.h(25): warning C4244: 'argument' : conversion from 'double' to 'const float', possible loss of data
     1>c:\users\austin\desktop\csse351project\finalproject\src\WorldState.h(172): warning C4244: 'initializing' : conversion from 'double' to 'float', possible loss of data
     1>c:\users\austin\desktop\csse351project\finalproject\src\RenderEngine.h(56): warning C4267: 'argument' : conversion from 'size_t' to 'GLsizei', possible loss of data
     1>c:\users\austin\desktop\csse351project\finalproject\src\RenderEngine.h(69): warning C4267: 'argument' : conversion from 'size_t' to 'GLsizei', possible loss of data
     1>c:\users\austin\desktop\csse351project\finalproject\src\RenderEngine.h(103): warning C4267: 'argument' : conversion from 'size_t' to 'GLsizei', possible loss of data
     1>c:\users\austin\desktop\csse351project\finalproject\src\RenderEngine.h(136): warning C4267: 'argument' : conversion from 'size_t' to 'GLsizei', possible loss of data
     1>c:\users\austin\desktop\csse351project\finalproject\src\RenderEngine.h(140): warning C4267: 'argument' : conversion from 'size_t' to 'GLsizei', possible loss of data
     1>c:\users\austin\desktop\csse351project\finalproject\src\RenderEngine.h(365): warning C4244: 'argument' : conversion from 'const int' to 'GLfloat', possible loss of data
     1>src\main.cpp(118): warning C4244: '=' : conversion from 'int' to 'float', possible loss of data
     1>src\main.cpp(119): warning C4244: '=' : conversion from 'int' to 'float', possible loss of data
     1>src\main.cpp(120): warning C4244: '=' : conversion from 'int' to 'float', possible loss of data
     1>src\main.cpp(121): warning C4244: '=' : conversion from 'int' to 'float', possible loss of data
     1>src\main.cpp(132): warning C4244: '=' : conversion from 'int' to 'float', possible loss of data
     1>src\main.cpp(133): warning C4244: '=' : conversion from 'int' to 'float', possible loss of data
     1>src\main.cpp(144): warning C4244: '=' : conversion from 'int' to 'float', possible loss of data
     1>src\main.cpp(145): warning C4244: '=' : conversion from 'int' to 'float', possible loss of data
     1>src\main.cpp(154): warning C4267: '=' : conversion from 'size_t' to 'int', possible loss of data
     1>src\main.cpp(155): warning C4267: '=' : conversion from 'size_t' to 'int', possible loss of data
         Generating Code...
       Link:
         C:\Program Files (x86)\Microsoft Visual Studio 12.0\VC\bin\x86_amd64\link.exe /ERRORREPORT:PROMPT /OUT:"C:\Users\Austin\Desktop\CSSE351Project\FinalProject\x64\Debug\ConsoleApplication1.exe" /INCREMENTAL /NOLOGO "sfml-window.lib" "sfml-system.lib" opengl32.lib winmm.lib gdi32.lib kernel32.lib user32.lib gdi32.lib winspool.lib comdlg32.lib advapi32.lib shell32.lib ole32.lib oleaut32.lib uuid.lib odbc32.lib odbccp32.lib /MANIFEST /MANIFESTUAC:"level='asInvoker' uiAccess='false'" /manifest:embed /DEBUG /PDB:"C:\Users\Austin\Desktop\CSSE351Project\FinalProject\x64\Debug\ConsoleApplication1.pdb" /SUBSYSTEM:CONSOLE /TLBID:1 /DYNAMICBASE /NXCOMPAT /IMPLIB:"C:\Users\Austin\Desktop\CSSE351Project\FinalProject\x64\Debug\ConsoleApplication1.lib" /MACHINE:X64 x64\Debug\gl3w.obj
         x64\Debug\glew.obj
         x64\Debug\main.obj
         x64\Debug\list.obj
         x64\Debug\objLoader.obj
         x64\Debug\obj_parser.obj
         x64\Debug\string_extra.obj
         ConsoleApplication1.vcxproj -> C:\Users\Austin\Desktop\CSSE351Project\FinalProject\x64\Debug\ConsoleApplication1.exe
     1>Done Building Project "C:\Users\Austin\Desktop\CSSE351Project\FinalProject\ConsoleApplication1.vcxproj" (Build target(s)).

Build succeeded.

Time Elapsed 00:00:06.85
