  main.cpp
c:\users\austin\desktop\csse351project\multiplemodels\src\Model.h(81): warning C4267: 'argument' : conversion from 'size_t' to 'glm::tvec4<float,0>::length_type', possible loss of data
c:\users\austin\desktop\csse351project\multiplemodels\src\Model.h(81): warning C4244: '=' : conversion from 'double' to 'float', possible loss of data
c:\users\austin\desktop\csse351project\multiplemodels\src\Model.h(82): warning C4267: 'argument' : conversion from 'size_t' to 'glm::tvec4<float,0>::length_type', possible loss of data
c:\users\austin\desktop\csse351project\multiplemodels\src\Model.h(82): warning C4244: '=' : conversion from 'double' to 'float', possible loss of data
c:\users\austin\desktop\csse351project\multiplemodels\src\Model.h(83): warning C4267: 'argument' : conversion from 'size_t' to 'glm::tvec4<float,0>::length_type', possible loss of data
c:\users\austin\desktop\csse351project\multiplemodels\src\Model.h(83): warning C4244: '=' : conversion from 'double' to 'float', possible loss of data
c:\users\austin\desktop\csse351project\multiplemodels\src\Model.h(84): warning C4244: '=' : conversion from 'double' to 'float', possible loss of data
c:\users\austin\desktop\csse351project\multiplemodels\src\Model.h(152): warning C4267: 'argument' : conversion from 'size_t' to 'glm::tvec3<float,0>::length_type', possible loss of data
c:\users\austin\desktop\csse351project\multiplemodels\src\Model.h(152): warning C4244: '=' : conversion from 'double' to 'float', possible loss of data
c:\users\austin\desktop\csse351project\multiplemodels\src\Model.h(167): warning C4267: 'argument' : conversion from 'size_t' to 'glm::tvec3<float,0>::length_type', possible loss of data
c:\users\austin\desktop\csse351project\multiplemodels\src\Model.h(167): warning C4244: '=' : conversion from 'double' to 'float', possible loss of data
c:\users\austin\desktop\csse351project\multiplemodels\src\Model.h(176): warning C4267: 'argument' : conversion from 'size_t' to 'glm::tvec2<float,0>::length_type', possible loss of data
c:\users\austin\desktop\csse351project\multiplemodels\src\Model.h(176): warning C4244: '=' : conversion from 'double' to 'float', possible loss of data
c:\users\austin\desktop\csse351project\multiplemodels\src\Model.h(265): warning C4267: 'argument' : conversion from 'size_t' to 'GLsizei', possible loss of data
c:\users\austin\desktop\csse351project\multiplemodels\src\WorldState.h(234): warning C4244: 'initializing' : conversion from 'double' to 'float', possible loss of data
c:\users\austin\desktop\csse351project\multiplemodels\src\WorldState.h(242): warning C4244: '=' : conversion from 'double' to 'float', possible loss of data
src\main.cpp(152): warning C4305: '+=' : truncation from 'double' to 'float'
src\main.cpp(153): warning C4305: '+=' : truncation from 'double' to 'float'
src\main.cpp(156): warning C4305: '-=' : truncation from 'double' to 'float'
src\main.cpp(157): warning C4305: '-=' : truncation from 'double' to 'float'
src\main.cpp(160): warning C4305: '-=' : truncation from 'double' to 'float'
src\main.cpp(161): warning C4305: '-=' : truncation from 'double' to 'float'
src\main.cpp(164): warning C4305: '+=' : truncation from 'double' to 'float'
src\main.cpp(165): warning C4305: '+=' : truncation from 'double' to 'float'
src\main.cpp(168): warning C4305: '-=' : truncation from 'double' to 'float'
src\main.cpp(169): warning C4305: '-=' : truncation from 'double' to 'float'
src\main.cpp(172): warning C4305: '+=' : truncation from 'double' to 'float'
src\main.cpp(173): warning C4305: '+=' : truncation from 'double' to 'float'
src\main.cpp(199): warning C4244: '=' : conversion from 'int' to 'float', possible loss of data
src\main.cpp(200): warning C4244: '=' : conversion from 'int' to 'float', possible loss of data
src\main.cpp(211): warning C4244: '=' : conversion from 'int' to 'float', possible loss of data
src\main.cpp(212): warning C4244: '=' : conversion from 'int' to 'float', possible loss of data
src\main.cpp(222): warning C4267: '=' : conversion from 'size_t' to 'int', possible loss of data
src\main.cpp(223): warning C4267: '=' : conversion from 'size_t' to 'int', possible loss of data
c:\users\austin\desktop\csse351project\multiplemodels\src\model.h(50): warning C4715: 'Material::operator=' : not all control paths return a value
  ConsoleApplication1.vcxproj -> C:\Users\Austin\Desktop\CSSE351Project\MultipleModels\x64\Debug\ConsoleApplication1.exe
