Build started 11/9/2015 1:10:38 PM.
     1>Project "C:\Users\Austin\Desktop\Cannon Golf\MultipleModels\ConsoleApplication1.vcxproj" on node 2 (Build target(s)).
     1>ClCompile:
         C:\Program Files (x86)\Microsoft Visual Studio 12.0\VC\bin\x86_amd64\CL.exe /c /Zi /nologo /W3 /WX- /O2 /Oi /GL /D WIN32 /D NDEBUG /D _CONSOLE /D _LIB /D _UNICODE /D UNICODE /Gm- /EHsc /MD /GS /Gy /fp:precise /Zc:wchar_t /Zc:forScope /Fo"x64\Release\\" /Fd"x64\Release\vc120.pdb" /Gd /TC /errorReport:prompt src\gl3w\gl3w.c src\glew\glew.c
         gl3w.c
         glew.c
         C:\Program Files (x86)\Microsoft Visual Studio 12.0\VC\bin\x86_amd64\CL.exe /c /Zi /nologo /W3 /WX- /O2 /Oi /GL /D WIN32 /D NDEBUG /D _CONSOLE /D _LIB /D _UNICODE /D UNICODE /Gm- /EHsc /MD /GS /Gy /fp:precise /Zc:wchar_t /Zc:forScope /Fo"x64\Release\\" /Fd"x64\Release\vc120.pdb" /Gd /TP /errorReport:prompt src\main.cpp src\objload\list.cpp src\objload\objLoader.cpp src\objload\obj_parser.cpp src\objload\string_extra.cpp
         main.cpp
     1>c:\users\austin\desktop\cannon golf\multiplemodels\src\Model.h(81): warning C4267: 'argument' : conversion from 'size_t' to 'glm::tvec4<float,0>::length_type', possible loss of data
     1>c:\users\austin\desktop\cannon golf\multiplemodels\src\Model.h(81): warning C4244: '=' : conversion from 'double' to 'float', possible loss of data
     1>c:\users\austin\desktop\cannon golf\multiplemodels\src\Model.h(82): warning C4267: 'argument' : conversion from 'size_t' to 'glm::tvec4<float,0>::length_type', possible loss of data
     1>c:\users\austin\desktop\cannon golf\multiplemodels\src\Model.h(82): warning C4244: '=' : conversion from 'double' to 'float', possible loss of data
     1>c:\users\austin\desktop\cannon golf\multiplemodels\src\Model.h(83): warning C4267: 'argument' : conversion from 'size_t' to 'glm::tvec4<float,0>::length_type', possible loss of data
     1>c:\users\austin\desktop\cannon golf\multiplemodels\src\Model.h(83): warning C4244: '=' : conversion from 'double' to 'float', possible loss of data
     1>c:\users\austin\desktop\cannon golf\multiplemodels\src\Model.h(84): warning C4244: '=' : conversion from 'double' to 'float', possible loss of data
     1>c:\users\austin\desktop\cannon golf\multiplemodels\src\Model.h(152): warning C4267: 'argument' : conversion from 'size_t' to 'glm::tvec3<float,0>::length_type', possible loss of data
     1>c:\users\austin\desktop\cannon golf\multiplemodels\src\Model.h(152): warning C4244: '=' : conversion from 'double' to 'float', possible loss of data
     1>c:\users\austin\desktop\cannon golf\multiplemodels\src\Model.h(167): warning C4267: 'argument' : conversion from 'size_t' to 'glm::tvec3<float,0>::length_type', possible loss of data
     1>c:\users\austin\desktop\cannon golf\multiplemodels\src\Model.h(167): warning C4244: '=' : conversion from 'double' to 'float', possible loss of data
     1>c:\users\austin\desktop\cannon golf\multiplemodels\src\Model.h(176): warning C4267: 'argument' : conversion from 'size_t' to 'glm::tvec2<float,0>::length_type', possible loss of data
     1>c:\users\austin\desktop\cannon golf\multiplemodels\src\Model.h(176): warning C4244: '=' : conversion from 'double' to 'float', possible loss of data
     1>c:\users\austin\desktop\cannon golf\multiplemodels\src\Model.h(265): warning C4267: 'argument' : conversion from 'size_t' to 'GLsizei', possible loss of data
     1>c:\users\austin\desktop\cannon golf\multiplemodels\src\WorldState.h(240): warning C4244: 'initializing' : conversion from 'double' to 'float', possible loss of data
     1>c:\users\austin\desktop\cannon golf\multiplemodels\src\RenderEngine.h(141): warning C4244: 'argument' : conversion from 'const int' to 'GLfloat', possible loss of data
     1>src\main.cpp(154): warning C4244: '=' : conversion from 'int' to 'float', possible loss of data
     1>src\main.cpp(155): warning C4244: '=' : conversion from 'int' to 'float', possible loss of data
     1>src\main.cpp(168): warning C4244: '=' : conversion from 'int' to 'float', possible loss of data
     1>src\main.cpp(169): warning C4244: '=' : conversion from 'int' to 'float', possible loss of data
     1>src\main.cpp(178): warning C4267: '=' : conversion from 'size_t' to 'int', possible loss of data
     1>src\main.cpp(179): warning C4267: '=' : conversion from 'size_t' to 'int', possible loss of data
         list.cpp
     1>src\objload\list.cpp(59): warning C4267: '=' : conversion from 'size_t' to 'int', possible loss of data
     1>src\objload\list.cpp(154): warning C4267: '=' : conversion from 'size_t' to 'int', possible loss of data
         objLoader.cpp
         obj_parser.cpp
         string_extra.cpp
       Link:
         C:\Program Files (x86)\Microsoft Visual Studio 12.0\VC\bin\x86_amd64\link.exe /ERRORREPORT:PROMPT /OUT:"C:\Users\Austin\Desktop\Cannon Golf\MultipleModels\x64\Release\ConsoleApplication1.exe" /INCREMENTAL:NO /NOLOGO "sfml-window.lib" "sfml-system.lib" opengl32.lib winmm.lib gdi32.lib kernel32.lib user32.lib gdi32.lib winspool.lib comdlg32.lib advapi32.lib shell32.lib ole32.lib oleaut32.lib uuid.lib odbc32.lib odbccp32.lib /MANIFEST /MANIFESTUAC:"level='asInvoker' uiAccess='false'" /manifest:embed /DEBUG /PDB:"C:\Users\Austin\Desktop\Cannon Golf\MultipleModels\x64\Release\ConsoleApplication1.pdb" /SUBSYSTEM:CONSOLE /OPT:REF /OPT:ICF /LTCG /TLBID:1 /DYNAMICBASE /NXCOMPAT /IMPLIB:"C:\Users\Austin\Desktop\Cannon Golf\MultipleModels\x64\Release\ConsoleApplication1.lib" /MACHINE:X64 x64\Release\gl3w.obj
         x64\Release\glew.obj
         x64\Release\main.obj
         x64\Release\list.obj
         x64\Release\objLoader.obj
         x64\Release\obj_parser.obj
         x64\Release\string_extra.obj
         Generating code
     1>c:\users\austin\desktop\cannon golf\multiplemodels\src\model.h(50): warning C4715: 'Material::operator=' : not all control paths return a value
     1>c:\users\austin\desktop\cannon golf\multiplemodels\src\model.h(245): error C4716: 'Model::setupAttributeBuffers' : must return a value
     1>LINK : fatal error LNK1257: code generation failed
     1>Done Building Project "C:\Users\Austin\Desktop\Cannon Golf\MultipleModels\ConsoleApplication1.vcxproj" (Build target(s)) -- FAILED.

Build FAILED.

Time Elapsed 00:00:03.74
